2015-02-14T13:20:37.207+0100 [initandlisten] MongoDB starting : pid=25607 port=57041 dbpath=/home/michal/Projects/courses/mongodb/M101J/mongodb/shraded/config/config-b master=1 64-bit host=ubuntu-pc
2015-02-14T13:20:37.208+0100 [initandlisten] db version v2.6.7
2015-02-14T13:20:37.208+0100 [initandlisten] git version: a7d57ad27c382de82e9cb93bf983a80fd9ac9899
2015-02-14T13:20:37.208+0100 [initandlisten] build info: Linux build7.nj1.10gen.cc 2.6.32-431.3.1.el6.x86_64 #1 SMP Fri Jan 3 21:39:27 UTC 2014 x86_64 BOOST_LIB_VERSION=1_49
2015-02-14T13:20:37.208+0100 [initandlisten] allocator: tcmalloc
2015-02-14T13:20:37.208+0100 [initandlisten] options: { net: { port: 57041 }, processManagement: { fork: true }, sharding: { clusterRole: "configsvr" }, storage: { dbPath: "/home/michal/Projects/courses/mongodb/M101J/mongodb/shraded/config/config-b", smallFiles: true }, systemLog: { destination: "file", path: "cfg-b.log" } }
2015-02-14T13:20:37.259+0100 [initandlisten] journal dir=/home/michal/Projects/courses/mongodb/M101J/mongodb/shraded/config/config-b/journal
2015-02-14T13:20:37.259+0100 [initandlisten] recover : no journal files present, no recovery needed
2015-02-14T13:20:38.045+0100 [initandlisten] preallocateIsFaster=true 8.66
2015-02-14T13:20:38.573+0100 [initandlisten] preallocateIsFaster=true 4.12
2015-02-14T13:20:40.010+0100 [initandlisten] preallocateIsFaster=true 3.32
2015-02-14T13:20:40.010+0100 [initandlisten] preallocating a journal file /home/michal/Projects/courses/mongodb/M101J/mongodb/shraded/config/config-b/journal/prealloc.0
2015-02-14T13:20:40.807+0100 [initandlisten] preallocating a journal file /home/michal/Projects/courses/mongodb/M101J/mongodb/shraded/config/config-b/journal/prealloc.1
2015-02-14T13:20:41.583+0100 [initandlisten] preallocating a journal file /home/michal/Projects/courses/mongodb/M101J/mongodb/shraded/config/config-b/journal/prealloc.2
2015-02-14T13:20:42.375+0100 [initandlisten] allocating new ns file /home/michal/Projects/courses/mongodb/M101J/mongodb/shraded/config/config-b/local.ns, filling with zeroes...
2015-02-14T13:20:42.517+0100 [FileAllocator] allocating new datafile /home/michal/Projects/courses/mongodb/M101J/mongodb/shraded/config/config-b/local.0, filling with zeroes...
2015-02-14T13:20:42.517+0100 [FileAllocator] creating directory /home/michal/Projects/courses/mongodb/M101J/mongodb/shraded/config/config-b/_tmp
2015-02-14T13:20:42.642+0100 [FileAllocator] done allocating datafile /home/michal/Projects/courses/mongodb/M101J/mongodb/shraded/config/config-b/local.0, size: 16MB,  took 0.084 secs
2015-02-14T13:20:42.643+0100 [initandlisten] build index on: local.startup_log properties: { v: 1, key: { _id: 1 }, name: "_id_", ns: "local.startup_log" }
2015-02-14T13:20:42.643+0100 [initandlisten] 	 added index to empty collection
2015-02-14T13:20:42.643+0100 [initandlisten] command local.$cmd command: create { create: "startup_log", size: 10485760, capped: true } ntoreturn:1 keyUpdates:0 numYields:0  reslen:37 268ms
2015-02-14T13:20:42.643+0100 [initandlisten] ******
2015-02-14T13:20:42.643+0100 [initandlisten] creating replication oplog of size: 5MB...
2015-02-14T13:20:42.664+0100 [initandlisten] ******
2015-02-14T13:20:42.665+0100 [initandlisten] waiting for connections on port 57041
2015-02-14T13:20:45.567+0100 [initandlisten] connection accepted from 127.0.0.1:48884 #1 (1 connection now open)
2015-02-14T13:20:45.568+0100 [initandlisten] connection accepted from 127.0.0.1:48887 #2 (2 connections now open)
2015-02-14T13:20:45.614+0100 [conn2] end connection 127.0.0.1:48887 (1 connection now open)
2015-02-14T13:20:45.615+0100 [initandlisten] connection accepted from 127.0.0.1:48890 #3 (2 connections now open)
2015-02-14T13:20:45.618+0100 [initandlisten] connection accepted from 127.0.0.1:48894 #4 (3 connections now open)
2015-02-14T13:20:45.618+0100 [initandlisten] connection accepted from 127.0.0.1:48895 #5 (4 connections now open)
2015-02-14T13:20:45.648+0100 [conn4] allocating new ns file /home/michal/Projects/courses/mongodb/M101J/mongodb/shraded/config/config-b/config.ns, filling with zeroes...
2015-02-14T13:20:45.828+0100 [FileAllocator] allocating new datafile /home/michal/Projects/courses/mongodb/M101J/mongodb/shraded/config/config-b/config.0, filling with zeroes...
2015-02-14T13:20:45.889+0100 [FileAllocator] done allocating datafile /home/michal/Projects/courses/mongodb/M101J/mongodb/shraded/config/config-b/config.0, size: 16MB,  took 0.061 secs
2015-02-14T13:20:45.889+0100 [conn4] build index on: config.locks properties: { v: 1, key: { _id: 1 }, name: "_id_", ns: "config.locks" }
2015-02-14T13:20:45.889+0100 [conn4] 	 added index to empty collection
2015-02-14T13:20:45.890+0100 [conn4] insert config.locks ninserted:1 keyUpdates:0 numYields:0 locks(micros) w:241588 241ms
2015-02-14T13:20:45.890+0100 [conn5] build index on: config.lockpings properties: { v: 1, key: { _id: 1 }, name: "_id_", ns: "config.lockpings" }
2015-02-14T13:20:45.890+0100 [conn5] 	 added index to empty collection
2015-02-14T13:20:46.009+0100 [conn4] command admin.$cmd command: getLastError { getlasterror: 1, fsync: 1 } ntoreturn:1 keyUpdates:0 numYields:0  reslen:122 119ms
2015-02-14T13:20:46.195+0100 [conn5] build index on: config.changelog properties: { v: 1, key: { _id: 1 }, name: "_id_", ns: "config.changelog" }
2015-02-14T13:20:46.195+0100 [conn5] 	 added index to empty collection
2015-02-14T13:20:46.235+0100 [initandlisten] connection accepted from 127.0.0.1:48899 #6 (5 connections now open)
2015-02-14T13:20:46.236+0100 [conn6] first cluster operation detected, adding sharding hook to enable versioning and authentication to remote servers
2015-02-14T13:20:46.236+0100 [conn6] CMD fsync: sync:1 lock:0
2015-02-14T13:20:46.289+0100 [conn6] CMD fsync: sync:1 lock:0
2015-02-14T13:20:46.357+0100 [conn6] build index on: config.version properties: { v: 1, key: { _id: 1 }, name: "_id_", ns: "config.version" }
2015-02-14T13:20:46.358+0100 [conn6] 	 added index to empty collection
2015-02-14T13:20:46.359+0100 [conn6] CMD fsync: sync:1 lock:0
2015-02-14T13:20:46.484+0100 [conn6] CMD fsync: sync:1 lock:0
2015-02-14T13:20:46.526+0100 [conn6] build index on: config.settings properties: { v: 1, key: { _id: 1 }, name: "_id_", ns: "config.settings" }
2015-02-14T13:20:46.526+0100 [conn6] 	 added index to empty collection
2015-02-14T13:20:46.526+0100 [conn6] CMD fsync: sync:1 lock:0
2015-02-14T13:20:46.606+0100 [conn6] build index on: config.chunks properties: { v: 1, key: { _id: 1 }, name: "_id_", ns: "config.chunks" }
2015-02-14T13:20:46.606+0100 [conn6] 	 added index to empty collection
2015-02-14T13:20:46.606+0100 [conn6] build index on: config.chunks properties: { v: 1, unique: true, key: { ns: 1, min: 1 }, name: "ns_1_min_1", ns: "config.chunks" }
2015-02-14T13:20:46.606+0100 [conn6] 	 added index to empty collection
2015-02-14T13:20:46.606+0100 [conn6] CMD fsync: sync:1 lock:0
2015-02-14T13:20:46.675+0100 [conn6] build index on: config.chunks properties: { v: 1, unique: true, key: { ns: 1, shard: 1, min: 1 }, name: "ns_1_shard_1_min_1", ns: "config.chunks" }
2015-02-14T13:20:46.675+0100 [conn6] 	 added index to empty collection
2015-02-14T13:20:46.675+0100 [conn6] CMD fsync: sync:1 lock:0
2015-02-14T13:20:46.748+0100 [conn6] build index on: config.chunks properties: { v: 1, unique: true, key: { ns: 1, lastmod: 1 }, name: "ns_1_lastmod_1", ns: "config.chunks" }
2015-02-14T13:20:46.749+0100 [conn6] 	 added index to empty collection
2015-02-14T13:20:46.749+0100 [conn6] CMD fsync: sync:1 lock:0
2015-02-14T13:20:46.809+0100 [conn6] build index on: config.shards properties: { v: 1, key: { _id: 1 }, name: "_id_", ns: "config.shards" }
2015-02-14T13:20:46.809+0100 [conn6] 	 added index to empty collection
2015-02-14T13:20:46.810+0100 [conn6] build index on: config.shards properties: { v: 1, unique: true, key: { host: 1 }, name: "host_1", ns: "config.shards" }
2015-02-14T13:20:46.810+0100 [conn6] 	 added index to empty collection
2015-02-14T13:20:46.810+0100 [conn6] CMD fsync: sync:1 lock:0
2015-02-14T13:20:46.858+0100 [conn6] build index on: config.locks properties: { v: 1, unique: true, key: { ts: 1 }, name: "ts_1", ns: "config.locks" }
2015-02-14T13:20:46.858+0100 [conn6] 	 building index using bulk method
2015-02-14T13:20:46.859+0100 [conn6] build index done.  scanned 1 total records. 0.001 secs
2015-02-14T13:20:46.859+0100 [conn6] CMD fsync: sync:1 lock:0
2015-02-14T13:20:46.888+0100 [conn6] build index on: config.locks properties: { v: 1, key: { state: 1, process: 1 }, name: "state_1_process_1", ns: "config.locks" }
2015-02-14T13:20:46.888+0100 [conn6] 	 building index using bulk method
2015-02-14T13:20:46.888+0100 [conn6] build index done.  scanned 1 total records. 0 secs
2015-02-14T13:20:46.888+0100 [conn6] CMD fsync: sync:1 lock:0
2015-02-14T13:20:46.939+0100 [conn6] build index on: config.lockpings properties: { v: 1, key: { ping: 1 }, name: "ping_1", ns: "config.lockpings" }
2015-02-14T13:20:46.939+0100 [conn6] 	 building index using bulk method
2015-02-14T13:20:46.940+0100 [conn6] build index done.  scanned 1 total records. 0 secs
2015-02-14T13:20:46.940+0100 [conn5] end connection 127.0.0.1:48895 (4 connections now open)
2015-02-14T13:20:46.940+0100 [initandlisten] connection accepted from 127.0.0.1:48903 #7 (5 connections now open)
2015-02-14T13:20:46.941+0100 [conn6] build index on: config.mongos properties: { v: 1, key: { _id: 1 }, name: "_id_", ns: "config.mongos" }
2015-02-14T13:20:46.941+0100 [conn6] 	 added index to empty collection
2015-02-14T13:20:46.942+0100 [initandlisten] connection accepted from 127.0.0.1:48906 #8 (6 connections now open)
2015-02-14T13:20:47.089+0100 [conn4] command admin.$cmd command: getLastError { getlasterror: 1, fsync: 1 } ntoreturn:1 keyUpdates:0 numYields:0  reslen:122 110ms
2015-02-14T13:21:42.375+0100 [clientcursormon] mem (MB) res:33 virt:324
2015-02-14T13:21:42.376+0100 [clientcursormon]  mapped (incl journal view):128
2015-02-14T13:21:42.376+0100 [clientcursormon]  connections:6
2015-02-14T13:21:47.012+0100 [conn6] CMD fsync: sync:1 lock:0
2015-02-14T13:21:47.027+0100 [conn6] build index on: config.databases properties: { v: 1, key: { _id: 1 }, name: "_id_", ns: "config.databases" }
2015-02-14T13:21:47.027+0100 [conn6] 	 added index to empty collection
2015-02-14T13:21:47.031+0100 [conn6] CMD fsync: sync:1 lock:0
2015-02-14T13:21:47.161+0100 [conn6] CMD fsync: sync:1 lock:0
2015-02-14T13:21:47.195+0100 [conn6] CMD fsync: sync:1 lock:0
2015-02-14T13:21:47.238+0100 [conn6] CMD fsync: sync:1 lock:0
2015-02-14T13:21:47.296+0100 [conn6] CMD fsync: sync:1 lock:0
2015-02-14T13:21:47.341+0100 [conn6] CMD fsync: sync:1 lock:0
2015-02-14T13:21:47.389+0100 [conn6] CMD fsync: sync:1 lock:0
2015-02-14T13:21:47.438+0100 [conn6] CMD fsync: sync:1 lock:0
2015-02-14T13:21:47.578+0100 [conn6] CMD fsync: sync:1 lock:0
2015-02-14T13:21:47.759+0100 [conn6] CMD fsync: sync:1 lock:0
2015-02-14T13:21:47.872+0100 [conn6] CMD fsync: sync:1 lock:0
2015-02-14T13:21:47.954+0100 [conn6] CMD fsync: sync:1 lock:0
2015-02-14T13:21:47.981+0100 [conn6] build index on: config.collections properties: { v: 1, key: { _id: 1 }, name: "_id_", ns: "config.collections" }
2015-02-14T13:21:47.981+0100 [conn6] 	 added index to empty collection
2015-02-14T13:21:48.009+0100 [initandlisten] connection accepted from 127.0.0.1:48973 #9 (7 connections now open)
2015-02-14T13:21:48.015+0100 [conn6] CMD fsync: sync:1 lock:0
2015-02-14T13:21:50.938+0100 [conn6] CMD fsync: sync:1 lock:0
2015-02-14T13:21:50.978+0100 [conn6] build index on: config.tags properties: { v: 1, key: { _id: 1 }, name: "_id_", ns: "config.tags" }
2015-02-14T13:21:50.978+0100 [conn6] 	 added index to empty collection
2015-02-14T13:21:50.978+0100 [conn6] build index on: config.tags properties: { v: 1, unique: true, key: { ns: 1, min: 1 }, name: "ns_1_min_1", ns: "config.tags" }
2015-02-14T13:21:50.978+0100 [conn6] 	 added index to empty collection
2015-02-14T13:21:57.413+0100 [conn6] CMD fsync: sync:1 lock:0
2015-02-14T13:22:03.744+0100 [conn6] CMD fsync: sync:1 lock:0
2015-02-14T13:22:10.108+0100 [conn6] CMD fsync: sync:1 lock:0
2015-02-14T13:22:16.400+0100 [conn6] CMD fsync: sync:1 lock:0
2015-02-14T13:22:22.661+0100 [conn6] CMD fsync: sync:1 lock:0
2015-02-14T13:22:29.062+0100 [conn6] CMD fsync: sync:1 lock:0
2015-02-14T13:22:35.361+0100 [conn6] CMD fsync: sync:1 lock:0
2015-02-14T13:22:41.826+0100 [conn6] CMD fsync: sync:1 lock:0
2015-02-14T13:22:48.234+0100 [conn6] CMD fsync: sync:1 lock:0
2015-02-14T13:22:54.708+0100 [conn6] CMD fsync: sync:1 lock:0
2015-02-14T13:23:01.236+0100 [conn6] CMD fsync: sync:1 lock:0
2015-02-14T13:23:07.531+0100 [conn6] CMD fsync: sync:1 lock:0
2015-02-14T13:23:13.892+0100 [conn6] CMD fsync: sync:1 lock:0
2015-02-14T13:23:20.222+0100 [conn6] CMD fsync: sync:1 lock:0
2015-02-14T13:23:26.480+0100 [conn6] CMD fsync: sync:1 lock:0
2015-02-14T13:23:32.924+0100 [conn6] CMD fsync: sync:1 lock:0
2015-02-14T13:23:39.184+0100 [conn4] command admin.$cmd command: getLastError { getlasterror: 1, fsync: 1 } ntoreturn:1 keyUpdates:0 numYields:0  reslen:122 103ms
2015-02-14T13:23:39.470+0100 [conn6] CMD fsync: sync:1 lock:0
2015-02-14T13:23:42.379+0100 [clientcursormon] mem (MB) res:49 virt:325
2015-02-14T13:23:42.379+0100 [clientcursormon]  mapped (incl journal view):128
2015-02-14T13:23:42.379+0100 [clientcursormon]  connections:7
2015-02-14T13:23:45.868+0100 [conn6] CMD fsync: sync:1 lock:0
2015-02-14T13:23:52.378+0100 [conn6] CMD fsync: sync:1 lock:0
2015-02-14T13:23:58.613+0100 [conn4] command admin.$cmd command: getLastError { getlasterror: 1, fsync: 1 } ntoreturn:1 keyUpdates:0 numYields:0  reslen:122 105ms
2015-02-14T13:23:58.742+0100 [conn6] CMD fsync: sync:1 lock:0
2015-02-14T13:24:05.109+0100 [conn6] CMD fsync: sync:1 lock:0
2015-02-14T13:24:11.408+0100 [conn6] CMD fsync: sync:1 lock:0
2015-02-14T13:24:17.513+0100 [initandlisten] connection accepted from 127.0.0.1:49096 #10 (8 connections now open)
2015-02-14T13:24:17.707+0100 [conn6] CMD fsync: sync:1 lock:0
2015-02-14T13:24:23.934+0100 [conn4] command admin.$cmd command: getLastError { getlasterror: 1, fsync: 1 } ntoreturn:1 keyUpdates:0 numYields:0  reslen:122 103ms
2015-02-14T13:24:24.215+0100 [conn6] CMD fsync: sync:1 lock:0
2015-02-14T13:24:30.661+0100 [conn6] CMD fsync: sync:1 lock:0
2015-02-14T13:24:37.069+0100 [conn6] CMD fsync: sync:1 lock:0
2015-02-14T13:24:43.375+0100 [conn6] CMD fsync: sync:1 lock:0
2015-02-14T13:24:49.747+0100 [conn6] CMD fsync: sync:1 lock:0
2015-02-14T13:24:56.107+0100 [conn6] CMD fsync: sync:1 lock:0
2015-02-14T13:25:02.371+0100 [conn6] CMD fsync: sync:1 lock:0
2015-02-14T13:25:08.671+0100 [conn6] CMD fsync: sync:1 lock:0
2015-02-14T13:25:15.077+0100 [conn6] CMD fsync: sync:1 lock:0
2015-02-14T13:25:21.423+0100 [conn6] CMD fsync: sync:1 lock:0
2015-02-14T13:25:27.751+0100 [conn6] CMD fsync: sync:1 lock:0
2015-02-14T13:25:34.155+0100 [conn6] CMD fsync: sync:1 lock:0
2015-02-14T13:25:40.588+0100 [conn6] CMD fsync: sync:1 lock:0
2015-02-14T13:25:47.023+0100 [conn6] CMD fsync: sync:1 lock:0
2015-02-14T13:25:53.460+0100 [conn6] CMD fsync: sync:1 lock:0
2015-02-14T13:25:59.897+0100 [conn6] CMD fsync: sync:1 lock:0
2015-02-14T13:26:06.366+0100 [conn6] CMD fsync: sync:1 lock:0
2015-02-14T13:26:12.691+0100 [conn6] CMD fsync: sync:1 lock:0
2015-02-14T13:26:18.997+0100 [conn6] CMD fsync: sync:1 lock:0
2015-02-14T13:26:25.311+0100 [conn6] CMD fsync: sync:1 lock:0
2015-02-14T13:26:31.685+0100 [conn6] CMD fsync: sync:1 lock:0
2015-02-14T13:26:37.972+0100 [conn6] CMD fsync: sync:1 lock:0
2015-02-14T13:26:44.185+0100 [conn4] command admin.$cmd command: getLastError { getlasterror: 1, fsync: 1 } ntoreturn:1 keyUpdates:0 numYields:0  reslen:122 103ms
2015-02-14T13:26:44.371+0100 [conn6] CMD fsync: sync:1 lock:0
2015-02-14T13:26:50.708+0100 [conn6] CMD fsync: sync:1 lock:0
2015-02-14T13:26:57.008+0100 [conn6] CMD fsync: sync:1 lock:0
2015-02-14T13:27:03.313+0100 [conn6] CMD fsync: sync:1 lock:0
2015-02-14T13:27:09.533+0100 [conn6] CMD fsync: sync:1 lock:0
2015-02-14T13:27:15.876+0100 [conn6] CMD fsync: sync:1 lock:0
2015-02-14T13:27:22.246+0100 [conn6] CMD fsync: sync:1 lock:0
2015-02-14T13:27:28.668+0100 [conn6] CMD fsync: sync:1 lock:0
2015-02-14T13:27:35.002+0100 [conn6] CMD fsync: sync:1 lock:0
2015-02-14T13:27:41.309+0100 [conn6] CMD fsync: sync:1 lock:0
2015-02-14T13:27:47.769+0100 [conn6] CMD fsync: sync:1 lock:0
2015-02-14T13:27:54.065+0100 [conn6] CMD fsync: sync:1 lock:0
2015-02-14T13:28:00.397+0100 [conn6] CMD fsync: sync:1 lock:0
2015-02-14T13:28:06.733+0100 [conn6] CMD fsync: sync:1 lock:0
2015-02-14T13:28:13.136+0100 [conn6] CMD fsync: sync:1 lock:0
2015-02-14T13:28:19.449+0100 [conn6] CMD fsync: sync:1 lock:0
2015-02-14T13:28:25.740+0100 [conn6] CMD fsync: sync:1 lock:0
2015-02-14T13:28:31.964+0100 [conn6] CMD fsync: sync:1 lock:0
2015-02-14T13:28:38.259+0100 [conn6] CMD fsync: sync:1 lock:0
2015-02-14T13:28:42.387+0100 [clientcursormon] mem (MB) res:49 virt:326
2015-02-14T13:28:42.387+0100 [clientcursormon]  mapped (incl journal view):128
2015-02-14T13:28:42.387+0100 [clientcursormon]  connections:8
2015-02-14T13:28:44.602+0100 [conn6] CMD fsync: sync:1 lock:0
2015-02-14T13:28:50.973+0100 [conn6] CMD fsync: sync:1 lock:0
2015-02-14T13:28:57.407+0100 [conn6] CMD fsync: sync:1 lock:0
2015-02-14T13:29:03.816+0100 [conn6] CMD fsync: sync:1 lock:0
2015-02-14T13:29:10.157+0100 [conn6] CMD fsync: sync:1 lock:0
2015-02-14T13:29:16.583+0100 [conn6] CMD fsync: sync:1 lock:0
2015-02-14T13:29:22.984+0100 [conn6] CMD fsync: sync:1 lock:0
2015-02-14T13:29:29.351+0100 [conn6] CMD fsync: sync:1 lock:0
2015-02-14T13:29:35.716+0100 [conn6] CMD fsync: sync:1 lock:0
2015-02-14T13:29:42.178+0100 [conn6] CMD fsync: sync:1 lock:0
2015-02-14T13:29:48.534+0100 [conn6] CMD fsync: sync:1 lock:0
2015-02-14T13:29:54.871+0100 [conn6] CMD fsync: sync:1 lock:0
2015-02-14T13:30:01.274+0100 [conn6] CMD fsync: sync:1 lock:0
2015-02-14T13:30:07.532+0100 [conn6] CMD fsync: sync:1 lock:0
2015-02-14T13:30:14.001+0100 [conn6] CMD fsync: sync:1 lock:0
2015-02-14T13:30:20.353+0100 [conn6] CMD fsync: sync:1 lock:0
2015-02-14T13:30:26.715+0100 [conn6] CMD fsync: sync:1 lock:0
2015-02-14T13:30:33.014+0100 [conn6] CMD fsync: sync:1 lock:0
2015-02-14T13:30:39.350+0100 [conn6] CMD fsync: sync:1 lock:0
2015-02-14T13:30:45.696+0100 [conn6] CMD fsync: sync:1 lock:0
2015-02-14T13:30:51.942+0100 [conn6] CMD fsync: sync:1 lock:0
2015-02-14T13:30:58.310+0100 [conn6] CMD fsync: sync:1 lock:0
2015-02-14T13:31:04.679+0100 [conn6] CMD fsync: sync:1 lock:0
2015-02-14T13:31:10.941+0100 [conn6] CMD fsync: sync:1 lock:0
2015-02-14T13:31:17.344+0100 [conn6] CMD fsync: sync:1 lock:0
2015-02-14T13:31:23.577+0100 [conn6] CMD fsync: sync:1 lock:0
2015-02-14T13:31:30.018+0100 [conn6] CMD fsync: sync:1 lock:0
2015-02-14T13:31:36.339+0100 [conn6] CMD fsync: sync:1 lock:0
2015-02-14T13:31:42.747+0100 [conn6] CMD fsync: sync:1 lock:0
2015-02-14T13:31:49.139+0100 [conn6] CMD fsync: sync:1 lock:0
2015-02-14T13:31:55.559+0100 [conn6] CMD fsync: sync:1 lock:0
2015-02-14T13:32:01.966+0100 [conn6] CMD fsync: sync:1 lock:0
2015-02-14T13:32:08.407+0100 [conn6] CMD fsync: sync:1 lock:0
2015-02-14T13:32:14.771+0100 [conn6] CMD fsync: sync:1 lock:0
2015-02-14T13:32:21.173+0100 [conn6] CMD fsync: sync:1 lock:0
2015-02-14T13:32:27.537+0100 [conn6] CMD fsync: sync:1 lock:0
2015-02-14T13:32:33.866+0100 [conn6] CMD fsync: sync:1 lock:0
2015-02-14T13:32:40.124+0100 [conn6] CMD fsync: sync:1 lock:0
2015-02-14T13:32:46.425+0100 [conn6] CMD fsync: sync:1 lock:0
2015-02-14T13:32:52.800+0100 [conn6] CMD fsync: sync:1 lock:0
2015-02-14T13:32:59.097+0100 [conn4] command admin.$cmd command: getLastError { getlasterror: 1, fsync: 1 } ntoreturn:1 keyUpdates:0 numYields:0  reslen:122 103ms
2015-02-14T13:32:59.274+0100 [conn6] CMD fsync: sync:1 lock:0
2015-02-14T13:33:05.629+0100 [conn6] CMD fsync: sync:1 lock:0
2015-02-14T13:33:12.035+0100 [conn6] CMD fsync: sync:1 lock:0
2015-02-14T13:33:18.566+0100 [conn6] CMD fsync: sync:1 lock:0
2015-02-14T13:33:24.516+0100 [initandlisten] connection accepted from 127.0.0.1:49479 #11 (9 connections now open)
2015-02-14T13:33:25.003+0100 [conn6] CMD fsync: sync:1 lock:0
2015-02-14T13:33:31.436+0100 [conn6] CMD fsync: sync:1 lock:0
2015-02-14T13:33:37.901+0100 [conn6] CMD fsync: sync:1 lock:0
2015-02-14T13:33:42.396+0100 [clientcursormon] mem (MB) res:49 virt:327
2015-02-14T13:33:42.396+0100 [clientcursormon]  mapped (incl journal view):128
2015-02-14T13:33:42.396+0100 [clientcursormon]  connections:9
2015-02-14T13:33:44.298+0100 [conn6] CMD fsync: sync:1 lock:0
2015-02-14T13:33:50.739+0100 [conn6] CMD fsync: sync:1 lock:0
2015-02-14T13:33:57.108+0100 [conn6] CMD fsync: sync:1 lock:0
2015-02-14T13:34:03.537+0100 [conn6] CMD fsync: sync:1 lock:0
2015-02-14T13:34:09.854+0100 [conn6] CMD fsync: sync:1 lock:0
2015-02-14T13:34:16.225+0100 [conn6] CMD fsync: sync:1 lock:0
2015-02-14T13:34:22.520+0100 [conn6] CMD fsync: sync:1 lock:0
2015-02-14T13:34:28.774+0100 [conn6] CMD fsync: sync:1 lock:0
2015-02-14T13:34:35.204+0100 [conn6] CMD fsync: sync:1 lock:0
2015-02-14T13:34:41.603+0100 [conn6] CMD fsync: sync:1 lock:0
2015-02-14T13:34:48.006+0100 [conn6] CMD fsync: sync:1 lock:0
2015-02-14T13:34:54.336+0100 [conn6] CMD fsync: sync:1 lock:0
2015-02-14T13:35:00.730+0100 [conn6] CMD fsync: sync:1 lock:0
2015-02-14T13:35:07.125+0100 [conn6] CMD fsync: sync:1 lock:0
2015-02-14T13:35:13.506+0100 [conn6] CMD fsync: sync:1 lock:0
2015-02-14T13:35:19.766+0100 [conn6] CMD fsync: sync:1 lock:0
2015-02-14T13:35:26.160+0100 [conn6] CMD fsync: sync:1 lock:0
2015-02-14T13:35:32.431+0100 [conn4] command admin.$cmd command: getLastError { getlasterror: 1, fsync: 1 } ntoreturn:1 keyUpdates:0 numYields:0  reslen:122 105ms
2015-02-14T13:35:32.561+0100 [conn6] CMD fsync: sync:1 lock:0
2015-02-14T13:35:38.823+0100 [conn6] CMD fsync: sync:1 lock:0
2015-02-14T13:35:45.054+0100 [conn4] command admin.$cmd command: getLastError { getlasterror: 1, fsync: 1 } ntoreturn:1 keyUpdates:0 numYields:0  reslen:122 103ms
2015-02-14T13:35:45.300+0100 [conn6] CMD fsync: sync:1 lock:0
2015-02-14T13:35:51.741+0100 [conn6] CMD fsync: sync:1 lock:0
2015-02-14T13:35:58.179+0100 [conn6] CMD fsync: sync:1 lock:0
2015-02-14T13:36:04.513+0100 [conn6] CMD fsync: sync:1 lock:0
2015-02-14T13:36:10.914+0100 [conn6] CMD fsync: sync:1 lock:0
2015-02-14T13:36:17.327+0100 [conn6] CMD fsync: sync:1 lock:0
2015-02-14T13:36:23.658+0100 [conn6] CMD fsync: sync:1 lock:0
2015-02-14T13:36:29.887+0100 [conn4] command admin.$cmd command: getLastError { getlasterror: 1, fsync: 1 } ntoreturn:1 keyUpdates:0 numYields:0  reslen:122 103ms
2015-02-14T13:36:30.134+0100 [conn6] CMD fsync: sync:1 lock:0
2015-02-14T13:36:36.558+0100 [conn6] CMD fsync: sync:1 lock:0
2015-02-14T13:36:42.986+0100 [conn6] CMD fsync: sync:1 lock:0
2015-02-14T13:36:49.284+0100 [conn6] CMD fsync: sync:1 lock:0
2015-02-14T13:36:55.610+0100 [conn6] CMD fsync: sync:1 lock:0
2015-02-14T13:37:01.915+0100 [conn6] CMD fsync: sync:1 lock:0
2015-02-14T13:37:08.314+0100 [conn6] CMD fsync: sync:1 lock:0
2015-02-14T13:37:14.614+0100 [conn6] CMD fsync: sync:1 lock:0
2015-02-14T13:37:21.015+0100 [conn6] CMD fsync: sync:1 lock:0
2015-02-14T13:37:27.413+0100 [conn6] CMD fsync: sync:1 lock:0
2015-02-14T13:37:33.822+0100 [conn6] CMD fsync: sync:1 lock:0
2015-02-14T13:37:40.121+0100 [conn6] CMD fsync: sync:1 lock:0
2015-02-14T13:37:46.586+0100 [conn6] CMD fsync: sync:1 lock:0
2015-02-14T13:37:52.960+0100 [conn6] CMD fsync: sync:1 lock:0
2015-02-14T13:37:59.262+0100 [conn6] CMD fsync: sync:1 lock:0
2015-02-14T13:38:05.695+0100 [conn6] CMD fsync: sync:1 lock:0
2015-02-14T13:38:12.097+0100 [conn6] CMD fsync: sync:1 lock:0
2015-02-14T13:38:18.534+0100 [conn6] CMD fsync: sync:1 lock:0
2015-02-14T13:38:24.903+0100 [conn6] CMD fsync: sync:1 lock:0
2015-02-14T13:38:31.235+0100 [conn6] CMD fsync: sync:1 lock:0
2015-02-14T13:38:37.571+0100 [conn6] CMD fsync: sync:1 lock:0
2015-02-14T13:38:42.404+0100 [clientcursormon] mem (MB) res:49 virt:327
2015-02-14T13:38:42.404+0100 [clientcursormon]  mapped (incl journal view):128
2015-02-14T13:38:42.404+0100 [clientcursormon]  connections:9
2015-02-14T13:38:43.947+0100 [conn6] CMD fsync: sync:1 lock:0
2015-02-14T13:38:50.320+0100 [conn6] CMD fsync: sync:1 lock:0
2015-02-14T13:38:56.645+0100 [conn6] CMD fsync: sync:1 lock:0
2015-02-14T13:39:02.906+0100 [conn6] CMD fsync: sync:1 lock:0
2015-02-14T13:39:09.336+0100 [conn6] CMD fsync: sync:1 lock:0
2015-02-14T13:39:15.572+0100 [conn6] CMD fsync: sync:1 lock:0
2015-02-14T13:39:21.922+0100 [conn6] CMD fsync: sync:1 lock:0
2015-02-14T13:39:28.213+0100 [conn6] CMD fsync: sync:1 lock:0
2015-02-14T13:39:34.547+0100 [conn6] CMD fsync: sync:1 lock:0
2015-02-14T13:39:40.877+0100 [conn6] CMD fsync: sync:1 lock:0
2015-02-14T13:39:47.206+0100 [conn6] CMD fsync: sync:1 lock:0
2015-02-14T13:39:53.604+0100 [conn6] CMD fsync: sync:1 lock:0
2015-02-14T13:39:59.979+0100 [conn6] CMD fsync: sync:1 lock:0
2015-02-14T13:40:06.382+0100 [conn6] CMD fsync: sync:1 lock:0
2015-02-14T13:40:12.817+0100 [conn6] CMD fsync: sync:1 lock:0
2015-02-14T13:40:19.214+0100 [conn6] CMD fsync: sync:1 lock:0
2015-02-14T13:40:25.649+0100 [conn6] CMD fsync: sync:1 lock:0
2015-02-14T13:40:31.941+0100 [conn6] CMD fsync: sync:1 lock:0
2015-02-14T13:40:38.340+0100 [conn6] CMD fsync: sync:1 lock:0
2015-02-14T13:40:44.681+0100 [conn6] CMD fsync: sync:1 lock:0
2015-02-14T13:40:51.080+0100 [conn6] CMD fsync: sync:1 lock:0
2015-02-14T13:40:57.412+0100 [conn6] CMD fsync: sync:1 lock:0
2015-02-14T13:41:03.815+0100 [conn6] CMD fsync: sync:1 lock:0
2015-02-14T13:41:10.263+0100 [conn6] CMD fsync: sync:1 lock:0
2015-02-14T13:41:16.659+0100 [conn6] CMD fsync: sync:1 lock:0
2015-02-14T13:41:23.064+0100 [conn6] CMD fsync: sync:1 lock:0
2015-02-14T13:41:29.395+0100 [conn6] CMD fsync: sync:1 lock:0
2015-02-14T13:41:35.739+0100 [conn6] CMD fsync: sync:1 lock:0
2015-02-14T13:41:42.142+0100 [conn6] CMD fsync: sync:1 lock:0
2015-02-14T13:41:48.613+0100 [conn6] CMD fsync: sync:1 lock:0
2015-02-14T13:41:55.050+0100 [conn6] CMD fsync: sync:1 lock:0
2015-02-14T13:42:01.484+0100 [conn6] CMD fsync: sync:1 lock:0
2015-02-14T13:42:07.961+0100 [conn6] CMD fsync: sync:1 lock:0
2015-02-14T13:42:14.424+0100 [conn6] CMD fsync: sync:1 lock:0
2015-02-14T13:42:20.839+0100 [conn6] CMD fsync: sync:1 lock:0
2015-02-14T13:42:27.238+0100 [conn6] CMD fsync: sync:1 lock:0
2015-02-14T13:42:33.616+0100 [conn6] CMD fsync: sync:1 lock:0
2015-02-14T13:42:40.098+0100 [conn6] CMD fsync: sync:1 lock:0
2015-02-14T13:42:46.500+0100 [conn6] CMD fsync: sync:1 lock:0
2015-02-14T13:42:53.067+0100 [conn6] CMD fsync: sync:1 lock:0
2015-02-14T13:42:59.556+0100 [conn6] CMD fsync: sync:1 lock:0
2015-02-14T13:43:06.066+0100 [conn6] CMD fsync: sync:1 lock:0
2015-02-14T13:43:12.472+0100 [conn6] CMD fsync: sync:1 lock:0
2015-02-14T13:43:18.795+0100 [conn6] CMD fsync: sync:1 lock:0
2015-02-14T13:43:25.104+0100 [conn6] CMD fsync: sync:1 lock:0
2015-02-14T13:43:31.332+0100 [conn6] CMD fsync: sync:1 lock:0
2015-02-14T13:43:37.722+0100 [conn6] CMD fsync: sync:1 lock:0
2015-02-14T13:43:42.419+0100 [clientcursormon] mem (MB) res:49 virt:327
2015-02-14T13:43:42.419+0100 [clientcursormon]  mapped (incl journal view):128
2015-02-14T13:43:42.419+0100 [clientcursormon]  connections:9
2015-02-14T13:43:44.185+0100 [conn6] CMD fsync: sync:1 lock:0
2015-02-14T13:43:50.477+0100 [conn6] CMD fsync: sync:1 lock:0
2015-02-14T13:43:56.858+0100 [conn6] CMD fsync: sync:1 lock:0
2015-02-14T13:44:03.168+0100 [conn6] CMD fsync: sync:1 lock:0
2015-02-14T13:44:09.593+0100 [conn6] CMD fsync: sync:1 lock:0
2015-02-14T13:44:16.051+0100 [conn6] CMD fsync: sync:1 lock:0
2015-02-14T13:44:22.344+0100 [conn6] CMD fsync: sync:1 lock:0
2015-02-14T13:44:28.744+0100 [conn6] CMD fsync: sync:1 lock:0
2015-02-14T13:44:35.139+0100 [conn6] CMD fsync: sync:1 lock:0
2015-02-14T13:44:41.682+0100 [conn6] CMD fsync: sync:1 lock:0
2015-02-14T13:44:48.111+0100 [conn6] CMD fsync: sync:1 lock:0
2015-02-14T13:44:54.549+0100 [conn6] CMD fsync: sync:1 lock:0
2015-02-14T13:45:01.021+0100 [conn6] CMD fsync: sync:1 lock:0
2015-02-14T13:45:07.484+0100 [conn6] CMD fsync: sync:1 lock:0
2015-02-14T13:45:14.003+0100 [conn6] CMD fsync: sync:1 lock:0
2015-02-14T13:45:20.445+0100 [conn6] CMD fsync: sync:1 lock:0
2015-02-14T13:45:26.887+0100 [conn6] CMD fsync: sync:1 lock:0
2015-02-14T13:45:33.180+0100 [conn6] CMD fsync: sync:1 lock:0
2015-02-14T13:45:39.656+0100 [conn6] CMD fsync: sync:1 lock:0
2015-02-14T13:45:46.055+0100 [conn6] CMD fsync: sync:1 lock:0
2015-02-14T13:45:52.494+0100 [conn6] CMD fsync: sync:1 lock:0
2015-02-14T13:45:58.863+0100 [conn6] CMD fsync: sync:1 lock:0
2015-02-14T13:46:05.231+0100 [conn6] CMD fsync: sync:1 lock:0
2015-02-14T13:46:11.674+0100 [conn6] CMD fsync: sync:1 lock:0
2015-02-14T13:46:18.132+0100 [conn6] CMD fsync: sync:1 lock:0
2015-02-14T13:46:24.397+0100 [conn6] CMD fsync: sync:1 lock:0
2015-02-14T13:46:30.706+0100 [conn6] CMD fsync: sync:1 lock:0
2015-02-14T13:46:36.959+0100 [conn6] CMD fsync: sync:1 lock:0
2015-02-14T13:46:43.182+0100 [conn4] command admin.$cmd command: getLastError { getlasterror: 1, fsync: 1 } ntoreturn:1 keyUpdates:0 numYields:0  reslen:122 102ms
2015-02-14T13:46:43.429+0100 [conn6] CMD fsync: sync:1 lock:0
2015-02-14T13:46:49.755+0100 [conn6] CMD fsync: sync:1 lock:0
2015-02-14T13:46:56.129+0100 [conn6] CMD fsync: sync:1 lock:0
2015-02-14T13:47:02.494+0100 [conn6] CMD fsync: sync:1 lock:0
2015-02-14T13:47:08.919+0100 [conn6] CMD fsync: sync:1 lock:0
2015-02-14T13:47:15.353+0100 [conn6] CMD fsync: sync:1 lock:0
2015-02-14T13:47:21.724+0100 [conn6] CMD fsync: sync:1 lock:0
2015-02-14T13:47:28.141+0100 [conn6] CMD fsync: sync:1 lock:0
2015-02-14T13:47:34.477+0100 [conn6] CMD fsync: sync:1 lock:0
2015-02-14T13:47:40.868+0100 [conn6] CMD fsync: sync:1 lock:0
2015-02-14T13:47:47.292+0100 [conn6] CMD fsync: sync:1 lock:0
2015-02-14T13:47:53.695+0100 [conn6] CMD fsync: sync:1 lock:0
2015-02-14T13:48:00.034+0100 [conn6] CMD fsync: sync:1 lock:0
2015-02-14T13:48:06.234+0100 [conn4] command admin.$cmd command: getLastError { getlasterror: 1, fsync: 1 } ntoreturn:1 keyUpdates:0 numYields:0  reslen:122 103ms
2015-02-14T13:48:06.429+0100 [conn6] CMD fsync: sync:1 lock:0
2015-02-14T13:48:12.661+0100 [conn4] command admin.$cmd command: getLastError { getlasterror: 1, fsync: 1 } ntoreturn:1 keyUpdates:0 numYields:0  reslen:122 103ms
2015-02-14T13:48:12.876+0100 [conn6] CMD fsync: sync:1 lock:0
2015-02-14T13:48:19.233+0100 [conn6] CMD fsync: sync:1 lock:0
2015-02-14T13:48:25.458+0100 [conn6] CMD fsync: sync:1 lock:0
2015-02-14T13:48:31.729+0100 [conn6] CMD fsync: sync:1 lock:0
2015-02-14T13:48:37.990+0100 [conn4] command admin.$cmd command: getLastError { getlasterror: 1, fsync: 1 } ntoreturn:1 keyUpdates:0 numYields:0  reslen:122 103ms
2015-02-14T13:48:38.188+0100 [conn6] CMD fsync: sync:1 lock:0
2015-02-14T13:48:42.428+0100 [clientcursormon] mem (MB) res:49 virt:327
2015-02-14T13:48:42.428+0100 [clientcursormon]  mapped (incl journal view):128
2015-02-14T13:48:42.428+0100 [clientcursormon]  connections:9
2015-02-14T13:48:44.582+0100 [conn6] CMD fsync: sync:1 lock:0
2015-02-14T13:48:51.015+0100 [conn6] CMD fsync: sync:1 lock:0
2015-02-14T13:48:57.522+0100 [conn6] CMD fsync: sync:1 lock:0
2015-02-14T13:49:03.890+0100 [conn6] CMD fsync: sync:1 lock:0
2015-02-14T13:49:10.298+0100 [conn6] CMD fsync: sync:1 lock:0
2015-02-14T13:49:16.789+0100 [conn6] CMD fsync: sync:1 lock:0
2015-02-14T13:49:23.224+0100 [conn6] CMD fsync: sync:1 lock:0
2015-02-14T13:49:29.625+0100 [conn6] CMD fsync: sync:1 lock:0
2015-02-14T13:49:36.064+0100 [conn6] CMD fsync: sync:1 lock:0
2015-02-14T13:49:42.468+0100 [conn6] CMD fsync: sync:1 lock:0
2015-02-14T13:49:48.866+0100 [conn6] CMD fsync: sync:1 lock:0
2015-02-14T13:49:55.328+0100 [conn6] CMD fsync: sync:1 lock:0
2015-02-14T13:50:01.671+0100 [conn6] CMD fsync: sync:1 lock:0
2015-02-14T13:50:07.999+0100 [conn6] CMD fsync: sync:1 lock:0
2015-02-14T13:50:14.384+0100 [conn6] CMD fsync: sync:1 lock:0
2015-02-14T13:50:20.790+0100 [conn6] CMD fsync: sync:1 lock:0
2015-02-14T13:50:27.043+0100 [conn6] CMD fsync: sync:1 lock:0
2015-02-14T13:50:33.284+0100 [conn6] CMD fsync: sync:1 lock:0
2015-02-14T13:50:39.503+0100 [conn6] CMD fsync: sync:1 lock:0
2015-02-14T13:50:45.835+0100 [conn6] CMD fsync: sync:1 lock:0
2015-02-14T13:50:52.269+0100 [conn6] CMD fsync: sync:1 lock:0
2015-02-14T13:50:58.674+0100 [conn6] CMD fsync: sync:1 lock:0
2015-02-14T13:51:05.107+0100 [conn6] CMD fsync: sync:1 lock:0
2015-02-14T13:51:11.336+0100 [conn6] CMD fsync: sync:1 lock:0
2015-02-14T13:51:17.760+0100 [conn6] CMD fsync: sync:1 lock:0
2015-02-14T13:51:24.086+0100 [conn6] CMD fsync: sync:1 lock:0
2015-02-14T13:51:30.497+0100 [conn6] CMD fsync: sync:1 lock:0
2015-02-14T13:51:36.972+0100 [conn6] CMD fsync: sync:1 lock:0
2015-02-14T13:51:43.392+0100 [conn6] CMD fsync: sync:1 lock:0
2015-02-14T13:51:49.832+0100 [conn6] CMD fsync: sync:1 lock:0
2015-02-14T13:51:56.297+0100 [conn6] CMD fsync: sync:1 lock:0
2015-02-14T13:52:02.612+0100 [conn6] CMD fsync: sync:1 lock:0
2015-02-14T13:52:09.051+0100 [conn6] CMD fsync: sync:1 lock:0
2015-02-14T13:52:15.497+0100 [conn6] CMD fsync: sync:1 lock:0
2015-02-14T13:52:21.873+0100 [conn6] CMD fsync: sync:1 lock:0
2015-02-14T13:52:28.207+0100 [conn6] CMD fsync: sync:1 lock:0
2015-02-14T13:52:34.590+0100 [conn6] CMD fsync: sync:1 lock:0
2015-02-14T13:52:40.895+0100 [conn6] CMD fsync: sync:1 lock:0
2015-02-14T13:52:47.305+0100 [conn6] CMD fsync: sync:1 lock:0
2015-02-14T13:52:53.645+0100 [conn6] CMD fsync: sync:1 lock:0
2015-02-14T13:52:59.953+0100 [conn6] CMD fsync: sync:1 lock:0
2015-02-14T13:53:06.274+0100 [conn6] CMD fsync: sync:1 lock:0
2015-02-14T13:53:12.617+0100 [conn6] CMD fsync: sync:1 lock:0
2015-02-14T13:53:19.087+0100 [conn6] CMD fsync: sync:1 lock:0
2015-02-14T13:53:25.590+0100 [conn6] CMD fsync: sync:1 lock:0
2015-02-14T13:53:32.056+0100 [conn6] CMD fsync: sync:1 lock:0
2015-02-14T13:53:38.547+0100 [conn6] CMD fsync: sync:1 lock:0
2015-02-14T13:53:42.436+0100 [clientcursormon] mem (MB) res:49 virt:327
2015-02-14T13:53:42.436+0100 [clientcursormon]  mapped (incl journal view):128
2015-02-14T13:53:42.436+0100 [clientcursormon]  connections:9
2015-02-14T13:53:45.048+0100 [conn6] CMD fsync: sync:1 lock:0
2015-02-14T13:53:51.600+0100 [conn6] CMD fsync: sync:1 lock:0
2015-02-14T13:53:58.046+0100 [conn6] CMD fsync: sync:1 lock:0
2015-02-14T13:54:04.486+0100 [conn6] CMD fsync: sync:1 lock:0
2015-02-14T13:54:11.018+0100 [conn6] CMD fsync: sync:1 lock:0
2015-02-14T13:54:17.482+0100 [conn6] CMD fsync: sync:1 lock:0
2015-02-14T13:54:23.956+0100 [conn6] CMD fsync: sync:1 lock:0
2015-02-14T13:54:30.384+0100 [conn6] CMD fsync: sync:1 lock:0
2015-02-14T13:54:36.819+0100 [conn6] CMD fsync: sync:1 lock:0
2015-02-14T13:54:43.269+0100 [conn6] CMD fsync: sync:1 lock:0
2015-02-14T13:54:49.553+0100 [conn4] command admin.$cmd command: getLastError { getlasterror: 1, fsync: 1 } ntoreturn:1 keyUpdates:0 numYields:0  reslen:122 102ms
2015-02-14T13:54:49.778+0100 [conn6] CMD fsync: sync:1 lock:0
2015-02-14T13:54:56.207+0100 [conn6] CMD fsync: sync:1 lock:0
2015-02-14T13:55:02.650+0100 [conn6] CMD fsync: sync:1 lock:0
2015-02-14T13:55:08.946+0100 [conn4] command admin.$cmd command: getLastError { getlasterror: 1, fsync: 1 } ntoreturn:1 keyUpdates:0 numYields:0  reslen:122 103ms
2015-02-14T13:55:09.151+0100 [conn6] CMD fsync: sync:1 lock:0
2015-02-14T13:55:15.564+0100 [conn6] CMD fsync: sync:1 lock:0
2015-02-14T13:55:22.049+0100 [conn6] CMD fsync: sync:1 lock:0
2015-02-14T13:55:28.583+0100 [conn6] CMD fsync: sync:1 lock:0
2015-02-14T13:55:34.923+0100 [conn6] CMD fsync: sync:1 lock:0
2015-02-14T13:55:41.332+0100 [conn6] CMD fsync: sync:1 lock:0
2015-02-14T13:55:47.865+0100 [conn6] CMD fsync: sync:1 lock:0
2015-02-14T13:55:54.098+0100 [conn4] command admin.$cmd command: getLastError { getlasterror: 1, fsync: 1 } ntoreturn:1 keyUpdates:0 numYields:0  reslen:122 102ms
2015-02-14T13:55:54.334+0100 [conn6] CMD fsync: sync:1 lock:0
2015-02-14T13:56:00.816+0100 [conn6] CMD fsync: sync:1 lock:0
2015-02-14T13:56:07.274+0100 [conn6] CMD fsync: sync:1 lock:0
2015-02-14T13:56:13.601+0100 [conn6] CMD fsync: sync:1 lock:0
2015-02-14T13:56:19.917+0100 [conn6] CMD fsync: sync:1 lock:0
2015-02-14T13:56:26.189+0100 [conn6] CMD fsync: sync:1 lock:0
2015-02-14T13:56:32.451+0100 [conn6] CMD fsync: sync:1 lock:0
2015-02-14T13:56:38.710+0100 [conn6] CMD fsync: sync:1 lock:0
2015-02-14T13:56:45.016+0100 [conn6] CMD fsync: sync:1 lock:0
2015-02-14T13:56:51.289+0100 [conn6] CMD fsync: sync:1 lock:0
2015-02-14T13:56:57.678+0100 [conn6] CMD fsync: sync:1 lock:0
2015-02-14T13:57:04.145+0100 [conn6] CMD fsync: sync:1 lock:0
2015-02-14T13:57:10.476+0100 [conn6] CMD fsync: sync:1 lock:0
2015-02-14T13:57:16.902+0100 [conn6] CMD fsync: sync:1 lock:0
2015-02-14T13:57:23.271+0100 [conn6] CMD fsync: sync:1 lock:0
2015-02-14T13:57:29.697+0100 [conn6] CMD fsync: sync:1 lock:0
2015-02-14T13:57:35.971+0100 [conn4] command admin.$cmd command: getLastError { getlasterror: 1, fsync: 1 } ntoreturn:1 keyUpdates:0 numYields:0  reslen:122 103ms
2015-02-14T13:57:36.164+0100 [conn6] CMD fsync: sync:1 lock:0
2015-02-14T13:57:42.387+0100 [conn4] command admin.$cmd command: getLastError { getlasterror: 1, fsync: 1 } ntoreturn:1 keyUpdates:0 numYields:0  reslen:122 103ms
2015-02-14T13:57:42.628+0100 [conn6] CMD fsync: sync:1 lock:0
2015-02-14T13:57:49.101+0100 [conn6] CMD fsync: sync:1 lock:0
2015-02-14T13:57:55.618+0100 [conn6] CMD fsync: sync:1 lock:0
2015-02-14T13:58:01.915+0100 [conn6] CMD fsync: sync:1 lock:0
2015-02-14T13:58:08.253+0100 [conn6] CMD fsync: sync:1 lock:0
2015-02-14T13:58:14.700+0100 [conn6] CMD fsync: sync:1 lock:0
2015-02-14T13:58:21.267+0100 [conn6] CMD fsync: sync:1 lock:0
2015-02-14T13:58:27.703+0100 [conn6] CMD fsync: sync:1 lock:0
2015-02-14T13:58:34.135+0100 [conn6] CMD fsync: sync:1 lock:0
2015-02-14T13:58:40.618+0100 [conn6] CMD fsync: sync:1 lock:0
2015-02-14T13:58:42.445+0100 [clientcursormon] mem (MB) res:49 virt:327
2015-02-14T13:58:42.445+0100 [clientcursormon]  mapped (incl journal view):128
2015-02-14T13:58:42.445+0100 [clientcursormon]  connections:9
2015-02-14T13:58:47.011+0100 [conn6] CMD fsync: sync:1 lock:0
2015-02-14T13:58:53.484+0100 [conn6] CMD fsync: sync:1 lock:0
2015-02-14T13:58:59.884+0100 [conn6] CMD fsync: sync:1 lock:0
2015-02-14T13:59:06.153+0100 [conn6] CMD fsync: sync:1 lock:0
2015-02-14T13:59:12.485+0100 [conn6] CMD fsync: sync:1 lock:0
2015-02-14T13:59:18.853+0100 [conn6] CMD fsync: sync:1 lock:0
2015-02-14T13:59:25.268+0100 [conn6] CMD fsync: sync:1 lock:0
2015-02-14T13:59:31.756+0100 [conn6] CMD fsync: sync:1 lock:0
2015-02-14T13:59:38.081+0100 [conn6] CMD fsync: sync:1 lock:0
2015-02-14T13:59:44.449+0100 [conn6] CMD fsync: sync:1 lock:0
2015-02-14T13:59:50.960+0100 [conn6] CMD fsync: sync:1 lock:0
2015-02-14T13:59:57.383+0100 [conn6] CMD fsync: sync:1 lock:0
2015-02-14T14:00:03.765+0100 [conn6] CMD fsync: sync:1 lock:0
2015-02-14T14:00:10.069+0100 [conn6] CMD fsync: sync:1 lock:0
2015-02-14T14:00:16.468+0100 [conn6] CMD fsync: sync:1 lock:0
2015-02-14T14:00:22.795+0100 [conn6] CMD fsync: sync:1 lock:0
2015-02-14T14:00:29.089+0100 [conn6] CMD fsync: sync:1 lock:0
2015-02-14T14:00:35.361+0100 [conn6] CMD fsync: sync:1 lock:0
2015-02-14T14:00:41.590+0100 [conn6] CMD fsync: sync:1 lock:0
2015-02-14T14:00:48.090+0100 [conn6] CMD fsync: sync:1 lock:0
2015-02-14T14:00:54.524+0100 [conn6] CMD fsync: sync:1 lock:0
2015-02-14T14:01:00.858+0100 [conn6] CMD fsync: sync:1 lock:0
2015-02-14T14:01:07.220+0100 [conn6] CMD fsync: sync:1 lock:0
2015-02-14T14:01:13.524+0100 [conn6] CMD fsync: sync:1 lock:0
2015-02-14T14:01:19.861+0100 [conn6] CMD fsync: sync:1 lock:0
2015-02-14T14:01:26.060+0100 [conn4] command admin.$cmd command: getLastError { getlasterror: 1, fsync: 1 } ntoreturn:1 keyUpdates:0 numYields:0  reslen:122 103ms
2015-02-14T14:01:26.252+0100 [conn6] CMD fsync: sync:1 lock:0
2015-02-14T14:01:32.546+0100 [conn6] CMD fsync: sync:1 lock:0
2015-02-14T14:01:38.792+0100 [conn6] CMD fsync: sync:1 lock:0
2015-02-14T14:01:45.097+0100 [conn6] CMD fsync: sync:1 lock:0
2015-02-14T14:01:51.322+0100 [conn6] CMD fsync: sync:1 lock:0
2015-02-14T14:01:57.682+0100 [conn6] CMD fsync: sync:1 lock:0
2015-02-14T14:02:04.007+0100 [conn6] CMD fsync: sync:1 lock:0
2015-02-14T14:02:10.342+0100 [conn6] CMD fsync: sync:1 lock:0
2015-02-14T14:02:12.041+0100 [conn1] end connection 127.0.0.1:48884 (8 connections now open)
2015-02-14T14:02:12.041+0100 [conn6] end connection 127.0.0.1:48899 (8 connections now open)
2015-02-14T14:02:12.041+0100 [conn7] end connection 127.0.0.1:48903 (6 connections now open)
2015-02-14T14:02:12.041+0100 [conn4] end connection 127.0.0.1:48894 (6 connections now open)
2015-02-14T14:02:12.041+0100 [conn8] end connection 127.0.0.1:48906 (4 connections now open)
2015-02-14T14:02:12.041+0100 [conn3] end connection 127.0.0.1:48890 (8 connections now open)
2015-02-14T14:02:12.041+0100 [conn10] end connection 127.0.0.1:49096 (2 connections now open)
2015-02-14T14:02:12.042+0100 [conn11] end connection 127.0.0.1:49479 (1 connection now open)
2015-02-14T14:03:08.011+0100 [signalProcessingThread] got signal 15 (Terminated), will terminate after current cmd ends
2015-02-14T14:03:08.012+0100 [signalProcessingThread] now exiting
2015-02-14T14:03:08.012+0100 [signalProcessingThread] dbexit: 
2015-02-14T14:03:08.013+0100 [signalProcessingThread] shutdown: going to close listening sockets...
2015-02-14T14:03:08.013+0100 [signalProcessingThread] closing listening socket: 8
2015-02-14T14:03:08.013+0100 [signalProcessingThread] closing listening socket: 10
2015-02-14T14:03:08.013+0100 [signalProcessingThread] removing socket file: /tmp/mongodb-57041.sock
2015-02-14T14:03:08.013+0100 [signalProcessingThread] shutdown: going to flush diaglog...
2015-02-14T14:03:08.013+0100 [signalProcessingThread] shutdown: going to close sockets...
2015-02-14T14:03:08.013+0100 [signalProcessingThread] shutdown: waiting for fs preallocator...
2015-02-14T14:03:08.013+0100 [signalProcessingThread] shutdown: lock for final commit...
2015-02-14T14:03:08.013+0100 [signalProcessingThread] shutdown: final commit...
2015-02-14T14:03:08.015+0100 [conn9] end connection 127.0.0.1:48973 (0 connections now open)
2015-02-14T14:03:08.027+0100 [signalProcessingThread] shutdown: closing all files...
2015-02-14T14:03:08.028+0100 [signalProcessingThread] closeAllFiles() finished
2015-02-14T14:03:08.028+0100 [signalProcessingThread] journalCleanup...
2015-02-14T14:03:08.028+0100 [signalProcessingThread] removeJournalFiles
2015-02-14T14:03:08.076+0100 [signalProcessingThread] shutdown: removing fs lock...
2015-02-14T14:03:08.076+0100 [signalProcessingThread] dbexit: really exiting now
